<?xml version="1.0" encoding="UTF-8"?>
<!-- Generated by org.testng.reporters.JUnitReportReporter -->
<testsuite name="example.NewTest" tests="1" time="2.111" ignored="0" failures="0" timestamp="05 Jul 2017 18:50:43 GMT" skipped="0" hostname="LAPTOP-34TFF43U" errors="0">
  <testcase name="testEasy" time="2.111" classname="example.NewTest"/>
</testsuite> <!-- example.NewTest -->
